Analysis & Synthesis report for cont7seg
Fri Jul 15 18:44:54 2022
Quartus Prime Version 21.1.1 Build 850 06/23/2022 SJ Lite Edition


---------------------
; Table of Contents ;
---------------------
  1. Legal Notice
  2. Analysis & Synthesis Summary
  3. Analysis & Synthesis Settings
  4. Parallel Compilation
  5. Analysis & Synthesis Source Files Read
  6. Analysis & Synthesis Resource Usage Summary
  7. Analysis & Synthesis Resource Utilization by Entity
  8. General Register Statistics
  9. Port Connectivity Checks: "Func_soma:Rsoma|soma:soma3"
 10. Port Connectivity Checks: "Func_soma:Rsoma|soma:soma2"
 11. Port Connectivity Checks: "Func_soma:Rsoma|soma:soma1"
 12. Port Connectivity Checks: "Func_soma:Rsoma|soma:soma0"
 13. Post-Synthesis Netlist Statistics for Top Partition
 14. Elapsed Time Per Partition
 15. Analysis & Synthesis Messages



----------------
; Legal Notice ;
----------------
Copyright (C) 2022  Intel Corporation. All rights reserved.
Your use of Intel Corporation's design tools, logic functions 
and other software and tools, and any partner logic 
functions, and any output files from any of the foregoing 
(including device programming or simulation files), and any 
associated documentation or information are expressly subject 
to the terms and conditions of the Intel Program License 
Subscription Agreement, the Intel Quartus Prime License Agreement,
the Intel FPGA IP License Agreement, or other applicable license
agreement, including, without limitation, that your use is for
the sole purpose of programming logic devices manufactured by
Intel and sold by Intel or its authorized distributors.  Please
refer to the applicable agreement for further details, at
https://fpgasoftware.intel.com/eula.



+----------------------------------------------------------------------------------+
; Analysis & Synthesis Summary                                                     ;
+------------------------------------+---------------------------------------------+
; Analysis & Synthesis Status        ; Successful - Fri Jul 15 18:44:54 2022       ;
; Quartus Prime Version              ; 21.1.1 Build 850 06/23/2022 SJ Lite Edition ;
; Revision Name                      ; cont7seg                                    ;
; Top-level Entity Name              ; cont7seg                                    ;
; Family                             ; MAX 10                                      ;
; Total logic elements               ; 12                                          ;
;     Total combinational functions  ; 12                                          ;
;     Dedicated logic registers      ; 4                                           ;
; Total registers                    ; 4                                           ;
; Total pins                         ; 14                                          ;
; Total virtual pins                 ; 0                                           ;
; Total memory bits                  ; 0                                           ;
; Embedded Multiplier 9-bit elements ; 0                                           ;
; Total PLLs                         ; 0                                           ;
; UFM blocks                         ; 0                                           ;
; ADC blocks                         ; 0                                           ;
+------------------------------------+---------------------------------------------+


+------------------------------------------------------------------------------------------------------------+
; Analysis & Synthesis Settings                                                                              ;
+------------------------------------------------------------------+--------------------+--------------------+
; Option                                                           ; Setting            ; Default Value      ;
+------------------------------------------------------------------+--------------------+--------------------+
; Device                                                           ; 10M50DAF484C7G     ;                    ;
; Top-level entity name                                            ; cont7seg           ; cont7seg           ;
; Family name                                                      ; MAX 10             ; Cyclone V          ;
; Use smart compilation                                            ; Off                ; Off                ;
; Enable parallel Assembler and Timing Analyzer during compilation ; On                 ; On                 ;
; Enable compact report table                                      ; Off                ; Off                ;
; Restructure Multiplexers                                         ; Auto               ; Auto               ;
; Create Debugging Nodes for IP Cores                              ; Off                ; Off                ;
; Preserve fewer node names                                        ; On                 ; On                 ;
; Intel FPGA IP Evaluation Mode                                    ; Enable             ; Enable             ;
; Verilog Version                                                  ; Verilog_2001       ; Verilog_2001       ;
; VHDL Version                                                     ; VHDL_1993          ; VHDL_1993          ;
; State Machine Processing                                         ; Auto               ; Auto               ;
; Safe State Machine                                               ; Off                ; Off                ;
; Extract Verilog State Machines                                   ; On                 ; On                 ;
; Extract VHDL State Machines                                      ; On                 ; On                 ;
; Ignore Verilog initial constructs                                ; Off                ; Off                ;
; Iteration limit for constant Verilog loops                       ; 5000               ; 5000               ;
; Iteration limit for non-constant Verilog loops                   ; 250                ; 250                ;
; Add Pass-Through Logic to Inferred RAMs                          ; On                 ; On                 ;
; Infer RAMs from Raw Logic                                        ; On                 ; On                 ;
; Parallel Synthesis                                               ; On                 ; On                 ;
; DSP Block Balancing                                              ; Auto               ; Auto               ;
; NOT Gate Push-Back                                               ; On                 ; On                 ;
; Power-Up Don't Care                                              ; On                 ; On                 ;
; Remove Redundant Logic Cells                                     ; Off                ; Off                ;
; Remove Duplicate Registers                                       ; On                 ; On                 ;
; Ignore CARRY Buffers                                             ; Off                ; Off                ;
; Ignore CASCADE Buffers                                           ; Off                ; Off                ;
; Ignore GLOBAL Buffers                                            ; Off                ; Off                ;
; Ignore ROW GLOBAL Buffers                                        ; Off                ; Off                ;
; Ignore LCELL Buffers                                             ; Off                ; Off                ;
; Ignore SOFT Buffers                                              ; On                 ; On                 ;
; Limit AHDL Integers to 32 Bits                                   ; Off                ; Off                ;
; Optimization Technique                                           ; Balanced           ; Balanced           ;
; Carry Chain Length                                               ; 70                 ; 70                 ;
; Auto Carry Chains                                                ; On                 ; On                 ;
; Auto Open-Drain Pins                                             ; On                 ; On                 ;
; Perform WYSIWYG Primitive Resynthesis                            ; Off                ; Off                ;
; Auto ROM Replacement                                             ; On                 ; On                 ;
; Auto RAM Replacement                                             ; On                 ; On                 ;
; Auto DSP Block Replacement                                       ; On                 ; On                 ;
; Auto Shift Register Replacement                                  ; Auto               ; Auto               ;
; Allow Shift Register Merging across Hierarchies                  ; Auto               ; Auto               ;
; Auto Clock Enable Replacement                                    ; On                 ; On                 ;
; Strict RAM Replacement                                           ; Off                ; Off                ;
; Allow Synchronous Control Signals                                ; On                 ; On                 ;
; Force Use of Synchronous Clear Signals                           ; Off                ; Off                ;
; Auto RAM Block Balancing                                         ; On                 ; On                 ;
; Auto RAM to Logic Cell Conversion                                ; Off                ; Off                ;
; Auto Resource Sharing                                            ; Off                ; Off                ;
; Allow Any RAM Size For Recognition                               ; Off                ; Off                ;
; Allow Any ROM Size For Recognition                               ; Off                ; Off                ;
; Allow Any Shift Register Size For Recognition                    ; Off                ; Off                ;
; Use LogicLock Constraints during Resource Balancing              ; On                 ; On                 ;
; Ignore translate_off and synthesis_off directives                ; Off                ; Off                ;
; Timing-Driven Synthesis                                          ; On                 ; On                 ;
; Report Parameter Settings                                        ; On                 ; On                 ;
; Report Source Assignments                                        ; On                 ; On                 ;
; Report Connectivity Checks                                       ; On                 ; On                 ;
; Ignore Maximum Fan-Out Assignments                               ; Off                ; Off                ;
; Synchronization Register Chain Length                            ; 2                  ; 2                  ;
; Power Optimization During Synthesis                              ; Normal compilation ; Normal compilation ;
; HDL message level                                                ; Level2             ; Level2             ;
; Suppress Register Optimization Related Messages                  ; Off                ; Off                ;
; Number of Removed Registers Reported in Synthesis Report         ; 5000               ; 5000               ;
; Number of Swept Nodes Reported in Synthesis Report               ; 5000               ; 5000               ;
; Number of Inverted Registers Reported in Synthesis Report        ; 100                ; 100                ;
; Clock MUX Protection                                             ; On                 ; On                 ;
; Auto Gated Clock Conversion                                      ; Off                ; Off                ;
; Block Design Naming                                              ; Auto               ; Auto               ;
; SDC constraint protection                                        ; Off                ; Off                ;
; Synthesis Effort                                                 ; Auto               ; Auto               ;
; Shift Register Replacement - Allow Asynchronous Clear Signal     ; On                 ; On                 ;
; Pre-Mapping Resynthesis Optimization                             ; Off                ; Off                ;
; Analysis & Synthesis Message Level                               ; Medium             ; Medium             ;
; Disable Register Merging Across Hierarchies                      ; Auto               ; Auto               ;
; Resource Aware Inference For Block RAM                           ; On                 ; On                 ;
+------------------------------------------------------------------+--------------------+--------------------+


+------------------------------------------+
; Parallel Compilation                     ;
+----------------------------+-------------+
; Processors                 ; Number      ;
+----------------------------+-------------+
; Number detected on machine ; 2           ;
; Maximum allowed            ; 2           ;
;                            ;             ;
; Average used               ; 1.00        ;
; Maximum used               ; 2           ;
;                            ;             ;
; Usage by Processor         ; % Time Used ;
;     Processor 1            ; 100.0%      ;
;     Processor 2            ;   0.0%      ;
+----------------------------+-------------+


+--------------------------------------------------------------------------------------------------------------------------------+
; Analysis & Synthesis Source Files Read                                                                                         ;
+----------------------------------+-----------------+-----------------+-----------------------------------------------+---------+
; File Name with User-Entered Path ; Used in Netlist ; File Type       ; File Name with Absolute Path                  ; Library ;
+----------------------------------+-----------------+-----------------+-----------------------------------------------+---------+
; neg_d.vhd                        ; yes             ; User VHDL File  ; C:/Users/jpbur/Desktop/cont7seg/neg_d.vhd     ;         ;
; REG.vhd                          ; yes             ; User VHDL File  ; C:/Users/jpbur/Desktop/cont7seg/REG.vhd       ;         ;
; soma.vhd                         ; yes             ; User VHDL File  ; C:/Users/jpbur/Desktop/cont7seg/soma.vhd      ;         ;
; Func_soma.vhd                    ; yes             ; User VHDL File  ; C:/Users/jpbur/Desktop/cont7seg/Func_soma.vhd ;         ;
; DISPLAY.vhd                      ; yes             ; User VHDL File  ; C:/Users/jpbur/Desktop/cont7seg/DISPLAY.vhd   ;         ;
; cont7seg.vhd                     ; yes             ; User VHDL File  ; C:/Users/jpbur/Desktop/cont7seg/cont7seg.vhd  ;         ;
+----------------------------------+-----------------+-----------------+-----------------------------------------------+---------+


+--------------------------------------------------------------------+
; Analysis & Synthesis Resource Usage Summary                        ;
+---------------------------------------------+----------------------+
; Resource                                    ; Usage                ;
+---------------------------------------------+----------------------+
; Estimated Total logic elements              ; 12                   ;
;                                             ;                      ;
; Total combinational functions               ; 12                   ;
; Logic element usage by number of LUT inputs ;                      ;
;     -- 4 input functions                    ; 9                    ;
;     -- 3 input functions                    ; 1                    ;
;     -- <=2 input functions                  ; 2                    ;
;                                             ;                      ;
; Logic elements by mode                      ;                      ;
;     -- normal mode                          ; 12                   ;
;     -- arithmetic mode                      ; 0                    ;
;                                             ;                      ;
; Total registers                             ; 4                    ;
;     -- Dedicated logic registers            ; 4                    ;
;     -- I/O registers                        ; 0                    ;
;                                             ;                      ;
; I/O pins                                    ; 14                   ;
;                                             ;                      ;
; Embedded Multiplier 9-bit elements          ; 0                    ;
;                                             ;                      ;
; Maximum fan-out node                        ; REG:regg|neg_d:rr0|q ;
; Maximum fan-out                             ; 13                   ;
; Total fan-out                               ; 88                   ;
; Average fan-out                             ; 1.69                 ;
+---------------------------------------------+----------------------+


+---------------------------------------------------------------------------------------------------------------------------------------------------------------------------------------------------------------------------------------------+
; Analysis & Synthesis Resource Utilization by Entity                                                                                                                                                                                         ;
+----------------------------+---------------------+---------------------------+-------------+------------+--------------+---------+-----------+------+--------------+------------+------------------------------+-------------+--------------+
; Compilation Hierarchy Node ; Combinational ALUTs ; Dedicated Logic Registers ; Memory Bits ; UFM Blocks ; DSP Elements ; DSP 9x9 ; DSP 18x18 ; Pins ; Virtual Pins ; ADC blocks ; Full Hierarchy Name          ; Entity Name ; Library Name ;
+----------------------------+---------------------+---------------------------+-------------+------------+--------------+---------+-----------+------+--------------+------------+------------------------------+-------------+--------------+
; |cont7seg                  ; 12 (0)              ; 4 (0)                     ; 0           ; 0          ; 0            ; 0       ; 0         ; 14   ; 0            ; 0          ; |cont7seg                    ; cont7seg    ; work         ;
;    |DISPLAY:Disp|          ; 8 (8)               ; 0 (0)                     ; 0           ; 0          ; 0            ; 0       ; 0         ; 0    ; 0            ; 0          ; |cont7seg|DISPLAY:Disp       ; DISPLAY     ; work         ;
;    |REG:regg|              ; 4 (0)               ; 4 (0)                     ; 0           ; 0          ; 0            ; 0       ; 0         ; 0    ; 0            ; 0          ; |cont7seg|REG:regg           ; REG         ; work         ;
;       |neg_d:rr0|          ; 1 (1)               ; 1 (1)                     ; 0           ; 0          ; 0            ; 0       ; 0         ; 0    ; 0            ; 0          ; |cont7seg|REG:regg|neg_d:rr0 ; neg_d       ; work         ;
;       |neg_d:rr1|          ; 1 (1)               ; 1 (1)                     ; 0           ; 0          ; 0            ; 0       ; 0         ; 0    ; 0            ; 0          ; |cont7seg|REG:regg|neg_d:rr1 ; neg_d       ; work         ;
;       |neg_d:rr2|          ; 1 (1)               ; 1 (1)                     ; 0           ; 0          ; 0            ; 0       ; 0         ; 0    ; 0            ; 0          ; |cont7seg|REG:regg|neg_d:rr2 ; neg_d       ; work         ;
;       |neg_d:rr3|          ; 1 (1)               ; 1 (1)                     ; 0           ; 0          ; 0            ; 0       ; 0         ; 0    ; 0            ; 0          ; |cont7seg|REG:regg|neg_d:rr3 ; neg_d       ; work         ;
+----------------------------+---------------------+---------------------------+-------------+------------+--------------+---------+-----------+------+--------------+------------+------------------------------+-------------+--------------+
Note: For table entries with two numbers listed, the numbers in parentheses indicate the number of resources of the given type used by the specific entity alone. The numbers listed outside of parentheses indicate the total resources of the given type used by the specific entity and all of its sub-entities in the hierarchy.


+------------------------------------------------------+
; General Register Statistics                          ;
+----------------------------------------------+-------+
; Statistic                                    ; Value ;
+----------------------------------------------+-------+
; Total registers                              ; 4     ;
; Number of registers using Synchronous Clear  ; 0     ;
; Number of registers using Synchronous Load   ; 0     ;
; Number of registers using Asynchronous Clear ; 4     ;
; Number of registers using Asynchronous Load  ; 0     ;
; Number of registers using Clock Enable       ; 0     ;
; Number of registers using Preset             ; 0     ;
+----------------------------------------------+-------+


+-----------------------------------------------------------------------------------------------------------------+
; Port Connectivity Checks: "Func_soma:Rsoma|soma:soma3"                                                          ;
+-------+--------+----------+-------------------------------------------------------------------------------------+
; Port  ; Type   ; Severity ; Details                                                                             ;
+-------+--------+----------+-------------------------------------------------------------------------------------+
; b     ; Input  ; Info     ; Stuck at GND                                                                        ;
; c_out ; Output ; Info     ; Connected to dangling logic. Logic that only feeds a dangling port will be removed. ;
+-------+--------+----------+-------------------------------------------------------------------------------------+


+--------------------------------------------------------+
; Port Connectivity Checks: "Func_soma:Rsoma|soma:soma2" ;
+------+-------+----------+------------------------------+
; Port ; Type  ; Severity ; Details                      ;
+------+-------+----------+------------------------------+
; b    ; Input ; Info     ; Stuck at GND                 ;
+------+-------+----------+------------------------------+


+--------------------------------------------------------+
; Port Connectivity Checks: "Func_soma:Rsoma|soma:soma1" ;
+------+-------+----------+------------------------------+
; Port ; Type  ; Severity ; Details                      ;
+------+-------+----------+------------------------------+
; b    ; Input ; Info     ; Stuck at GND                 ;
+------+-------+----------+------------------------------+


+--------------------------------------------------------+
; Port Connectivity Checks: "Func_soma:Rsoma|soma:soma0" ;
+------+-------+----------+------------------------------+
; Port ; Type  ; Severity ; Details                      ;
+------+-------+----------+------------------------------+
; b    ; Input ; Info     ; Stuck at VCC                 ;
; c_in ; Input ; Info     ; Stuck at GND                 ;
+------+-------+----------+------------------------------+


+-----------------------------------------------------+
; Post-Synthesis Netlist Statistics for Top Partition ;
+-----------------------+-----------------------------+
; Type                  ; Count                       ;
+-----------------------+-----------------------------+
; boundary_port         ; 14                          ;
; cycloneiii_ff         ; 4                           ;
;     CLR               ; 4                           ;
; cycloneiii_io_obuf    ; 8                           ;
; cycloneiii_lcell_comb ; 12                          ;
;     normal            ; 12                          ;
;         1 data inputs ; 1                           ;
;         2 data inputs ; 1                           ;
;         3 data inputs ; 1                           ;
;         4 data inputs ; 9                           ;
;                       ;                             ;
; Max LUT depth         ; 1.00                        ;
; Average LUT depth     ; 0.62                        ;
+-----------------------+-----------------------------+


+-------------------------------+
; Elapsed Time Per Partition    ;
+----------------+--------------+
; Partition Name ; Elapsed Time ;
+----------------+--------------+
; Top            ; 00:00:01     ;
+----------------+--------------+


+-------------------------------+
; Analysis & Synthesis Messages ;
+-------------------------------+
Info: *******************************************************************
Info: Running Quartus Prime Analysis & Synthesis
    Info: Version 21.1.1 Build 850 06/23/2022 SJ Lite Edition
    Info: Processing started: Fri Jul 15 18:44:28 2022
Info: Command: quartus_map --read_settings_files=on --write_settings_files=off cont7seg -c cont7seg
Warning (18236): Number of processors has not been specified which may cause overloading on shared machines.  Set the global assignment NUM_PARALLEL_PROCESSORS in your QSF to an appropriate value for best performance.
Info (20030): Parallel compilation is enabled and will use 2 of the 2 processors detected
Info (12021): Found 2 design units, including 1 entities, in source file neg_d.vhd
    Info (12022): Found design unit 1: neg_d-simple File: C:/Users/jpbur/Desktop/cont7seg/neg_d.vhd Line: 10
    Info (12023): Found entity 1: neg_d File: C:/Users/jpbur/Desktop/cont7seg/neg_d.vhd Line: 4
Info (12021): Found 2 design units, including 1 entities, in source file reg.vhd
    Info (12022): Found design unit 1: REG-registro File: C:/Users/jpbur/Desktop/cont7seg/REG.vhd Line: 10
    Info (12023): Found entity 1: REG File: C:/Users/jpbur/Desktop/cont7seg/REG.vhd Line: 4
Info (12021): Found 2 design units, including 1 entities, in source file soma.vhd
    Info (12022): Found design unit 1: soma-add File: C:/Users/jpbur/Desktop/cont7seg/soma.vhd Line: 8
    Info (12023): Found entity 1: soma File: C:/Users/jpbur/Desktop/cont7seg/soma.vhd Line: 3
Info (12021): Found 2 design units, including 1 entities, in source file func_soma.vhd
    Info (12022): Found design unit 1: Func_soma-somador File: C:/Users/jpbur/Desktop/cont7seg/Func_soma.vhd Line: 9
    Info (12023): Found entity 1: Func_soma File: C:/Users/jpbur/Desktop/cont7seg/Func_soma.vhd Line: 4
Info (12021): Found 2 design units, including 1 entities, in source file display.vhd
    Info (12022): Found design unit 1: DISPLAY-video File: C:/Users/jpbur/Desktop/cont7seg/DISPLAY.vhd Line: 8
    Info (12023): Found entity 1: DISPLAY File: C:/Users/jpbur/Desktop/cont7seg/DISPLAY.vhd Line: 3
Info (12021): Found 2 design units, including 1 entities, in source file cont7seg.vhd
    Info (12022): Found design unit 1: cont7seg-box File: C:/Users/jpbur/Desktop/cont7seg/cont7seg.vhd Line: 20
    Info (12023): Found entity 1: cont7seg File: C:/Users/jpbur/Desktop/cont7seg/cont7seg.vhd Line: 14
Warning (12162): EDA synthesis tool is specified as "Custom", but Library Mapping File is not specified
Warning (12163): EDA synthesis tool is specified as "Custom", but VCC is not specified
Warning (12164): EDA synthesis tool is specified as "Custom", but GND is not specified
Info (12127): Elaborating entity "cont7seg" for the top level hierarchy
Info (12128): Elaborating entity "REG" for hierarchy "REG:regg" File: C:/Users/jpbur/Desktop/cont7seg/cont7seg.vhd Line: 44
Info (12128): Elaborating entity "neg_d" for hierarchy "REG:regg|neg_d:rr0" File: C:/Users/jpbur/Desktop/cont7seg/REG.vhd Line: 16
Info (12128): Elaborating entity "Func_soma" for hierarchy "Func_soma:Rsoma" File: C:/Users/jpbur/Desktop/cont7seg/cont7seg.vhd Line: 48
Info (12128): Elaborating entity "soma" for hierarchy "Func_soma:Rsoma|soma:soma0" File: C:/Users/jpbur/Desktop/cont7seg/Func_soma.vhd Line: 21
Info (12128): Elaborating entity "DISPLAY" for hierarchy "DISPLAY:Disp" File: C:/Users/jpbur/Desktop/cont7seg/cont7seg.vhd Line: 57
Warning (10492): VHDL Process Statement warning at DISPLAY.vhd(15): signal "in_bits" is read inside the Process Statement but isn't in the Process Statement's sensitivity list File: C:/Users/jpbur/Desktop/cont7seg/DISPLAY.vhd Line: 15
Warning (12162): EDA synthesis tool is specified as "Custom", but Library Mapping File is not specified
Warning (12163): EDA synthesis tool is specified as "Custom", but VCC is not specified
Warning (12164): EDA synthesis tool is specified as "Custom", but GND is not specified
Warning (13034): The following nodes have both tri-state and non-tri-state drivers
    Warning (13035): Inserted always-enabled tri-state buffer between "LED[0]" and its non-tri-state driver. File: C:/Users/jpbur/Desktop/cont7seg/cont7seg.vhd Line: 16
    Warning (13035): Inserted always-enabled tri-state buffer between "LED[1]" and its non-tri-state driver. File: C:/Users/jpbur/Desktop/cont7seg/cont7seg.vhd Line: 16
    Warning (13035): Inserted always-enabled tri-state buffer between "LED[2]" and its non-tri-state driver. File: C:/Users/jpbur/Desktop/cont7seg/cont7seg.vhd Line: 16
    Warning (13035): Inserted always-enabled tri-state buffer between "LED[3]" and its non-tri-state driver. File: C:/Users/jpbur/Desktop/cont7seg/cont7seg.vhd Line: 16
    Warning (13035): Inserted always-enabled tri-state buffer between "LED[4]" and its non-tri-state driver. File: C:/Users/jpbur/Desktop/cont7seg/cont7seg.vhd Line: 16
    Warning (13035): Inserted always-enabled tri-state buffer between "LED[5]" and its non-tri-state driver. File: C:/Users/jpbur/Desktop/cont7seg/cont7seg.vhd Line: 16
    Warning (13035): Inserted always-enabled tri-state buffer between "LED[6]" and its non-tri-state driver. File: C:/Users/jpbur/Desktop/cont7seg/cont7seg.vhd Line: 16
    Warning (13035): Inserted always-enabled tri-state buffer between "LED[7]" and its non-tri-state driver. File: C:/Users/jpbur/Desktop/cont7seg/cont7seg.vhd Line: 16
Warning (13009): TRI or OPNDRN buffers permanently enabled
    Warning (13010): Node "LED[0]~synth" File: C:/Users/jpbur/Desktop/cont7seg/cont7seg.vhd Line: 16
    Warning (13010): Node "LED[1]~synth" File: C:/Users/jpbur/Desktop/cont7seg/cont7seg.vhd Line: 16
    Warning (13010): Node "LED[2]~synth" File: C:/Users/jpbur/Desktop/cont7seg/cont7seg.vhd Line: 16
    Warning (13010): Node "LED[3]~synth" File: C:/Users/jpbur/Desktop/cont7seg/cont7seg.vhd Line: 16
    Warning (13010): Node "LED[4]~synth" File: C:/Users/jpbur/Desktop/cont7seg/cont7seg.vhd Line: 16
    Warning (13010): Node "LED[5]~synth" File: C:/Users/jpbur/Desktop/cont7seg/cont7seg.vhd Line: 16
    Warning (13010): Node "LED[6]~synth" File: C:/Users/jpbur/Desktop/cont7seg/cont7seg.vhd Line: 16
    Warning (13010): Node "LED[7]~synth" File: C:/Users/jpbur/Desktop/cont7seg/cont7seg.vhd Line: 16
Info (286030): Timing-Driven Synthesis is running
Info (16010): Generating hard_block partition "hard_block:auto_generated_inst"
    Info (16011): Adding 0 node(s), including 0 DDIO, 0 PLL, 0 transceiver and 0 LCELL
Info (21057): Implemented 26 device resources after synthesis - the final resource count might be different
    Info (21058): Implemented 2 input pins
    Info (21059): Implemented 4 output pins
    Info (21060): Implemented 8 bidirectional pins
    Info (21061): Implemented 12 logic cells
Info: Quartus Prime Analysis & Synthesis was successful. 0 errors, 26 warnings
    Info: Peak virtual memory: 4798 megabytes
    Info: Processing ended: Fri Jul 15 18:44:54 2022
    Info: Elapsed time: 00:00:26
    Info: Total CPU time (on all processors): 00:00:36


